2021-02-18T08:36:16+00:00 CRITICAL Uncaught Symfony\Component\Debug\Exception\FatalThrowableError: syntax error, unexpected '=>' (T_DOUBLE_ARROW), expecting ',' or ')' in /Applications/MAMP/htdocs/tristel/site/wp-content/uploads/sites/17/cache/158a76186bca9d0b514af757e517c3969bee7bcf.php:2
Stack trace:
#0 /Applications/MAMP/htdocs/tristel/site/wp-content/themes/tristel/vendor/illuminate/view/Engines/CompilerEngine.php(59): Illuminate\View\Engines\PhpEngine->evaluatePath('/Applications/M...', Array)
#1 /Applications/MAMP/htdocs/tristel/site/wp-content/themes/tristel/vendor/illuminate/view/View.php(142): Illuminate\View\Engines\CompilerEngine->get('/Applications/M...', Array)
#2 /Applications/MAMP/htdocs/tristel/site/wp-content/themes/tristel/vendor/illuminate/view/View.php(125): Illuminate\View\View->getContents()
#3 /Applications/MAMP/htdocs/tristel/site/wp-content/themes/tristel/vendor/illuminate/view/View.php(90): Illuminate\View\View->renderContents()
#4 /Applications/MAMP/htdocs/tristel/site/wp-content/uploads/sites/17/cache/39f0b1ecffc640 in /Applications/MAMP/htdocs/tristel/site/wp-content/uploads/sites/17/cache/158a76186bca9d0b514af757e517c3969bee7bcf.php on line 2

2021-02-18T08:37:05+00:00 CRITICAL Uncaught Symfony\Component\Debug\Exception\FatalThrowableError: syntax error, unexpected '=>' (T_DOUBLE_ARROW), expecting ',' or ')' in /Applications/MAMP/htdocs/tristel/site/wp-content/uploads/sites/17/cache/158a76186bca9d0b514af757e517c3969bee7bcf.php:2
Stack trace:
#0 /Applications/MAMP/htdocs/tristel/site/wp-content/themes/tristel/vendor/illuminate/view/Engines/CompilerEngine.php(59): Illuminate\View\Engines\PhpEngine->evaluatePath('/Applications/M...', Array)
#1 /Applications/MAMP/htdocs/tristel/site/wp-content/themes/tristel/vendor/illuminate/view/View.php(142): Illuminate\View\Engines\CompilerEngine->get('/Applications/M...', Array)
#2 /Applications/MAMP/htdocs/tristel/site/wp-content/themes/tristel/vendor/illuminate/view/View.php(125): Illuminate\View\View->getContents()
#3 /Applications/MAMP/htdocs/tristel/site/wp-content/themes/tristel/vendor/illuminate/view/View.php(90): Illuminate\View\View->renderContents()
#4 /Applications/MAMP/htdocs/tristel/site/wp-content/uploads/sites/17/cache/39f0b1ecffc640 in /Applications/MAMP/htdocs/tristel/site/wp-content/uploads/sites/17/cache/158a76186bca9d0b514af757e517c3969bee7bcf.php on line 2

2021-02-18T14:29:03+00:00 CRITICAL Uncaught Symfony\Component\Debug\Exception\FatalThrowableError: syntax error, unexpected 'print_r' (T_STRING), expecting ',' or ';' in /Applications/MAMP/htdocs/tristel/site/wp-content/uploads/sites/17/cache/0a8f5be56a8b724939d6743bcf2e987e17b4fdac.php:1
Stack trace:
#0 /Applications/MAMP/htdocs/tristel/site/wp-content/themes/tristel/vendor/illuminate/view/Engines/CompilerEngine.php(59): Illuminate\View\Engines\PhpEngine->evaluatePath('/Applications/M...', Array)
#1 /Applications/MAMP/htdocs/tristel/site/wp-content/themes/tristel/vendor/illuminate/view/View.php(142): Illuminate\View\Engines\CompilerEngine->get('/Applications/M...', Array)
#2 /Applications/MAMP/htdocs/tristel/site/wp-content/themes/tristel/vendor/illuminate/view/View.php(125): Illuminate\View\View->getContents()
#3 /Applications/MAMP/htdocs/tristel/site/wp-content/themes/tristel/vendor/illuminate/view/View.php(90): Illuminate\View\View->renderContents()
#4 /Applications/MAMP/htdocs/tristel/site/wp-content/uploads/sites/17/cache/91d579fe371c2fd in /Applications/MAMP/htdocs/tristel/site/wp-content/uploads/sites/17/cache/0a8f5be56a8b724939d6743bcf2e987e17b4fdac.php on line 1

