2021-02-09T11:17:06+00:00 CRITICAL Uncaught Error: Call to a member function get_cart() on null in /Applications/MAMP/htdocs/tristel/site/wp-content/themes/tristel/app/wc-fncs.php:330
Stack trace:
#0 /Applications/MAMP/htdocs/tristel/site/wp-content/themes/tristel/app/wc-fncs.php(387): wc_get_cart_items()
#1 /Applications/MAMP/htdocs/tristel/site/wp-includes/rest-api/class-wp-rest-server.php(1050): wc_rest_add_to_cart(Object(WP_REST_Request))
#2 /Applications/MAMP/htdocs/tristel/site/wp-includes/rest-api/class-wp-rest-server.php(376): WP_REST_Server->dispatch(Object(WP_REST_Request))
#3 /Applications/MAMP/htdocs/tristel/site/wp-includes/rest-api.php(339): WP_REST_Server->serve_request('/manage-cart/v1...')
#4 /Applications/MAMP/htdocs/tristel/site/wp-includes/class-wp-hook.php(287): rest_api_loaded(Object(WP))
#5 /Applications/MAMP/htdocs/tristel/site/wp-includes/class-wp-hook.php(311): WP_Hook->apply_filters(NULL, Array)
#6 /Applications/MAMP/htdocs/tristel/site/wp-includes/plugin.php(544): WP_Hook->do_action(Array)
#7 /Applications/MAMP/htdo in /Applications/MAMP/htdocs/tristel/site/wp-content/themes/tristel/app/wc-fncs.php on line 330

2021-02-09T11:17:10+00:00 CRITICAL Uncaught Error: Call to a member function get_cart() on null in /Applications/MAMP/htdocs/tristel/site/wp-content/themes/tristel/app/wc-fncs.php:330
Stack trace:
#0 /Applications/MAMP/htdocs/tristel/site/wp-content/themes/tristel/app/wc-fncs.php(387): wc_get_cart_items()
#1 /Applications/MAMP/htdocs/tristel/site/wp-includes/rest-api/class-wp-rest-server.php(1050): wc_rest_add_to_cart(Object(WP_REST_Request))
#2 /Applications/MAMP/htdocs/tristel/site/wp-includes/rest-api/class-wp-rest-server.php(376): WP_REST_Server->dispatch(Object(WP_REST_Request))
#3 /Applications/MAMP/htdocs/tristel/site/wp-includes/rest-api.php(339): WP_REST_Server->serve_request('/manage-cart/v1...')
#4 /Applications/MAMP/htdocs/tristel/site/wp-includes/class-wp-hook.php(287): rest_api_loaded(Object(WP))
#5 /Applications/MAMP/htdocs/tristel/site/wp-includes/class-wp-hook.php(311): WP_Hook->apply_filters(NULL, Array)
#6 /Applications/MAMP/htdocs/tristel/site/wp-includes/plugin.php(544): WP_Hook->do_action(Array)
#7 /Applications/MAMP/htdo in /Applications/MAMP/htdocs/tristel/site/wp-content/themes/tristel/app/wc-fncs.php on line 330

2021-02-09T11:20:12+00:00 CRITICAL Uncaught Error: Call to a member function get_cart() on null in /Applications/MAMP/htdocs/tristel/site/wp-content/themes/tristel/app/wc-fncs.php:334
Stack trace:
#0 /Applications/MAMP/htdocs/tristel/site/wp-content/themes/tristel/app/wc-fncs.php(391): wc_get_cart_items()
#1 /Applications/MAMP/htdocs/tristel/site/wp-includes/rest-api/class-wp-rest-server.php(1050): wc_rest_add_to_cart(Object(WP_REST_Request))
#2 /Applications/MAMP/htdocs/tristel/site/wp-includes/rest-api/class-wp-rest-server.php(376): WP_REST_Server->dispatch(Object(WP_REST_Request))
#3 /Applications/MAMP/htdocs/tristel/site/wp-includes/rest-api.php(339): WP_REST_Server->serve_request('/manage-cart/v1...')
#4 /Applications/MAMP/htdocs/tristel/site/wp-includes/class-wp-hook.php(287): rest_api_loaded(Object(WP))
#5 /Applications/MAMP/htdocs/tristel/site/wp-includes/class-wp-hook.php(311): WP_Hook->apply_filters(NULL, Array)
#6 /Applications/MAMP/htdocs/tristel/site/wp-includes/plugin.php(544): WP_Hook->do_action(Array)
#7 /Applications/MAMP/htdo in /Applications/MAMP/htdocs/tristel/site/wp-content/themes/tristel/app/wc-fncs.php on line 334

2021-02-09T11:20:15+00:00 CRITICAL Uncaught Error: Call to a member function get_cart() on null in /Applications/MAMP/htdocs/tristel/site/wp-content/themes/tristel/app/wc-fncs.php:334
Stack trace:
#0 /Applications/MAMP/htdocs/tristel/site/wp-content/themes/tristel/app/wc-fncs.php(391): wc_get_cart_items()
#1 /Applications/MAMP/htdocs/tristel/site/wp-includes/rest-api/class-wp-rest-server.php(1050): wc_rest_add_to_cart(Object(WP_REST_Request))
#2 /Applications/MAMP/htdocs/tristel/site/wp-includes/rest-api/class-wp-rest-server.php(376): WP_REST_Server->dispatch(Object(WP_REST_Request))
#3 /Applications/MAMP/htdocs/tristel/site/wp-includes/rest-api.php(339): WP_REST_Server->serve_request('/manage-cart/v1...')
#4 /Applications/MAMP/htdocs/tristel/site/wp-includes/class-wp-hook.php(287): rest_api_loaded(Object(WP))
#5 /Applications/MAMP/htdocs/tristel/site/wp-includes/class-wp-hook.php(311): WP_Hook->apply_filters(NULL, Array)
#6 /Applications/MAMP/htdocs/tristel/site/wp-includes/plugin.php(544): WP_Hook->do_action(Array)
#7 /Applications/MAMP/htdo in /Applications/MAMP/htdocs/tristel/site/wp-content/themes/tristel/app/wc-fncs.php on line 334

2021-02-09T15:09:57+00:00 CRITICAL Uncaught Error: Using $this when not in object context in /Applications/MAMP/htdocs/tristel/site/wp-content/themes/tristel/app/wc-fncs.php:419
Stack trace:
#0 /Applications/MAMP/htdocs/tristel/site/wp-includes/template.php(730): require_once()
#1 /Applications/MAMP/htdocs/tristel/site/wp-includes/template.php(676): load_template('/Applications/M...', true, Array)
#2 /Applications/MAMP/htdocs/tristel/site/wp-content/themes/tristel/resources/functions.php(58): locate_template('../app/wc-fncs....', true, true)
#3 [internal function]: {closure}('../app/wc-fncs....')
#4 /Applications/MAMP/htdocs/tristel/site/wp-content/themes/tristel/resources/functions.php(61): array_map(Object(Closure), Array)
#5 /Applications/MAMP/htdocs/tristel/site/wp-settings.php(514): include('/Applications/M...')
#6 /Applications/MAMP/htdocs/tristel/site/wp-config.php(104): require_once('/Applications/M...')
#7 /Applications/MAMP/htdocs/tristel/site/wp-load.php(37): require_once('/Applications/M...')
#8 /Applications/MAMP/htdocs/tristel/si in /Applications/MAMP/htdocs/tristel/site/wp-content/themes/tristel/app/wc-fncs.php on line 419

2021-02-09T15:10:01+00:00 CRITICAL Uncaught Error: Using $this when not in object context in /Applications/MAMP/htdocs/tristel/site/wp-content/themes/tristel/app/wc-fncs.php:419
Stack trace:
#0 /Applications/MAMP/htdocs/tristel/site/wp-includes/template.php(730): require_once()
#1 /Applications/MAMP/htdocs/tristel/site/wp-includes/template.php(676): load_template('/Applications/M...', true, Array)
#2 /Applications/MAMP/htdocs/tristel/site/wp-content/themes/tristel/resources/functions.php(58): locate_template('../app/wc-fncs....', true, true)
#3 [internal function]: {closure}('../app/wc-fncs....')
#4 /Applications/MAMP/htdocs/tristel/site/wp-content/themes/tristel/resources/functions.php(61): array_map(Object(Closure), Array)
#5 /Applications/MAMP/htdocs/tristel/site/wp-settings.php(514): include('/Applications/M...')
#6 /Applications/MAMP/htdocs/tristel/site/wp-config.php(104): require_once('/Applications/M...')
#7 /Applications/MAMP/htdocs/tristel/site/wp-load.php(37): require_once('/Applications/M...')
#8 /Applications/MAMP/htdocs/tristel/si in /Applications/MAMP/htdocs/tristel/site/wp-content/themes/tristel/app/wc-fncs.php on line 419

2021-02-09T15:10:01+00:00 CRITICAL Uncaught Error: Using $this when not in object context in /Applications/MAMP/htdocs/tristel/site/wp-content/themes/tristel/app/wc-fncs.php:419
Stack trace:
#0 /Applications/MAMP/htdocs/tristel/site/wp-includes/template.php(730): require_once()
#1 /Applications/MAMP/htdocs/tristel/site/wp-includes/template.php(676): load_template('/Applications/M...', true, Array)
#2 /Applications/MAMP/htdocs/tristel/site/wp-content/themes/tristel/resources/functions.php(58): locate_template('../app/wc-fncs....', true, true)
#3 [internal function]: {closure}('../app/wc-fncs....')
#4 /Applications/MAMP/htdocs/tristel/site/wp-content/themes/tristel/resources/functions.php(61): array_map(Object(Closure), Array)
#5 /Applications/MAMP/htdocs/tristel/site/wp-settings.php(514): include('/Applications/M...')
#6 /Applications/MAMP/htdocs/tristel/site/wp-config.php(104): require_once('/Applications/M...')
#7 /Applications/MAMP/htdocs/tristel/site/wp-load.php(37): require_once('/Applications/M...')
#8 /Applications/MAMP/htdocs/tristel/si in /Applications/MAMP/htdocs/tristel/site/wp-content/themes/tristel/app/wc-fncs.php on line 419

2021-02-09T15:10:02+00:00 CRITICAL Uncaught Error: Using $this when not in object context in /Applications/MAMP/htdocs/tristel/site/wp-content/themes/tristel/app/wc-fncs.php:419
Stack trace:
#0 /Applications/MAMP/htdocs/tristel/site/wp-includes/template.php(730): require_once()
#1 /Applications/MAMP/htdocs/tristel/site/wp-includes/template.php(676): load_template('/Applications/M...', true, Array)
#2 /Applications/MAMP/htdocs/tristel/site/wp-content/themes/tristel/resources/functions.php(58): locate_template('../app/wc-fncs....', true, true)
#3 [internal function]: {closure}('../app/wc-fncs....')
#4 /Applications/MAMP/htdocs/tristel/site/wp-content/themes/tristel/resources/functions.php(61): array_map(Object(Closure), Array)
#5 /Applications/MAMP/htdocs/tristel/site/wp-settings.php(514): include('/Applications/M...')
#6 /Applications/MAMP/htdocs/tristel/site/wp-config.php(104): require_once('/Applications/M...')
#7 /Applications/MAMP/htdocs/tristel/site/wp-load.php(37): require_once('/Applications/M...')
#8 /Applications/MAMP/htdocs/tristel/si in /Applications/MAMP/htdocs/tristel/site/wp-content/themes/tristel/app/wc-fncs.php on line 419

